<?xml version="1.0" encoding="UTF-8"?>
<!-- Generated by org.testng.reporters.JUnitReportReporter -->
<testsuite hostname="kairosHW0423" failures="0" tests="1" name="com.POM.PagesTest.TC002_ProductSelectionTest" time="58.771" errors="0" timestamp="2023-08-15T09:31:13 IST" skipped="0">
  <testcase classname="com.POM.PagesTest.TC002_ProductSelectionTest" name="seclectingProduct" time="58.771"/>
  <system-out>
    <![CDATA[Start-seclectingProduct
success-seclectingProduct]]>
  </system-out>
</testsuite> <!-- com.POM.PagesTest.TC002_ProductSelectionTest -->
