<?xml version="1.0" encoding="UTF-8"?>
<!-- Generated by org.testng.reporters.JUnitReportReporter -->
<testsuite hostname="kairosHW0423" failures="0" tests="1" name="com.POM.PagesTest.TC001_LoginPageTest" time="7.595" errors="0" timestamp="2023-08-10T11:40:10 IST" skipped="0">
  <testcase classname="com.POM.PagesTest.TC001_LoginPageTest" name="loginToApplication" time="7.595"/>
  <system-out/>
</testsuite> <!-- com.POM.PagesTest.TC001_LoginPageTest -->
